<?xml version="1.0" encoding="UTF-8"?>
<!-- Generated by org.testng.reporters.JUnitReportReporter -->
<testsuite skipped="0" hostname="mansa-aw" name="tesng.NewTest" tests="2" failures="0" timestamp="24 Oct 2018 12:43:42 GMT" time="0.029" errors="0">
  <testcase name="f" time="0.027" classname="tesng.NewTest"/>
  <testcase name="run" time="0.002" classname="tesng.NewTest"/>
</testsuite> <!-- tesng.NewTest -->
